{"/home/pkn/js/particulier-auth-api/api/lib/middlewares/identifyUser.js":{"path":"/home/pkn/js/particulier-auth-api/api/lib/middlewares/identifyUser.js","s":{"1":1,"2":3,"3":3},"b":{"1":[3,2,1]},"f":{"1":3},"fnMap":{"1":{"name":"identifyUser","line":3,"loc":{"start":{"line":3,"column":17},"end":{"line":3,"column":56}}}},"statementMap":{"1":{"start":{"line":3,"column":0},"end":{"line":6,"column":1}},"2":{"start":{"line":4,"column":2},"end":{"line":4,"column":67}},"3":{"start":{"line":5,"column":2},"end":{"line":5,"column":8}}},"branchMap":{"1":{"line":4,"type":"binary-expr","locations":[{"start":{"line":4,"column":13},"end":{"line":4,"column":34}},{"start":{"line":4,"column":38},"end":{"line":4,"column":52}},{"start":{"line":4,"column":56},"end":{"line":4,"column":67}}]}}},"/home/pkn/js/particulier-auth-api/api/lib/middlewares/logger.js":{"path":"/home/pkn/js/particulier-auth-api/api/lib/middlewares/logger.js","s":{"1":1,"2":1,"3":8,"4":8,"5":8},"b":{"1":[8,7],"2":[8,4],"3":[8,0]},"f":{"1":8},"fnMap":{"1":{"name":"(anonymous_1)","line":5,"loc":{"start":{"line":5,"column":28},"end":{"line":5,"column":48}}}},"statementMap":{"1":{"start":{"line":3,"column":0},"end":{"line":3,"column":106}},"2":{"start":{"line":5,"column":0},"end":{"line":17,"column":1}},"3":{"start":{"line":6,"column":2},"end":{"line":6,"column":55}},"4":{"start":{"line":7,"column":2},"end":{"line":7,"column":61}},"5":{"start":{"line":8,"column":2},"end":{"line":16,"column":3}}},"branchMap":{"1":{"line":6,"type":"binary-expr","locations":[{"start":{"line":6,"column":13},"end":{"line":6,"column":24}},{"start":{"line":6,"column":28},"end":{"line":6,"column":30}}]},"2":{"line":6,"type":"binary-expr","locations":[{"start":{"line":6,"column":41},"end":{"line":6,"column":48}},{"start":{"line":6,"column":52},"end":{"line":6,"column":54}}]},"3":{"line":11,"type":"cond-expr","locations":[{"start":{"line":11,"column":35},"end":{"line":11,"column":52}},{"start":{"line":11,"column":55},"end":{"line":11,"column":64}}]}}},"/home/pkn/js/particulier-auth-api/defaults.js":{"path":"/home/pkn/js/particulier-auth-api/defaults.js","s":{"1":1},"b":{},"f":{},"fnMap":{},"statementMap":{"1":{"start":{"line":1,"column":0},"end":{"line":17,"column":1}}},"branchMap":{}},"/home/pkn/js/particulier-auth-api/api/server.js":{"path":"/home/pkn/js/particulier-auth-api/api/server.js","s":{"1":1,"2":1,"3":1,"4":1,"5":1,"6":1,"7":1,"8":1,"9":1,"10":1,"11":1,"12":1,"13":5,"14":5,"15":5,"16":5,"17":5,"18":5,"19":5,"20":5,"21":5,"22":5,"23":5,"24":5,"25":5,"26":5,"27":5,"28":5,"29":5,"30":0,"31":5,"32":0,"33":5,"34":5,"35":5,"36":1,"37":5,"38":5,"39":5,"40":5,"41":5,"42":5,"43":5,"44":5,"45":5,"46":0,"47":0,"48":5,"49":5,"50":5,"51":5,"52":5,"53":5,"54":5,"55":5,"56":5,"57":0,"58":0,"59":5,"60":5,"61":1,"62":5,"63":5,"64":5},"b":{"1":[0,5],"2":[0,5],"3":[0,5],"4":[0,5],"5":[5,0],"6":[5,5],"7":[5,1]},"f":{"1":5,"2":5,"3":1,"4":5,"5":5,"6":5,"7":5},"fnMap":{"1":{"name":"(anonymous_1)","line":16,"loc":{"start":{"line":16,"column":14},"end":{"line":16,"column":24}}},"2":{"name":"(anonymous_2)","line":30,"loc":{"start":{"line":30,"column":14},"end":{"line":30,"column":42}}},"3":{"name":"notFound","line":61,"loc":{"start":{"line":61,"column":12},"end":{"line":61,"column":47}}},"4":{"name":"(anonymous_4)","line":72,"loc":{"start":{"line":72,"column":8},"end":{"line":72,"column":20}}},"5":{"name":"(anonymous_5)","line":92,"loc":{"start":{"line":92,"column":7},"end":{"line":92,"column":19}}},"6":{"name":"(anonymous_6)","line":99,"loc":{"start":{"line":99,"column":17},"end":{"line":99,"column":34}}},"7":{"name":"setDefaults","line":112,"loc":{"start":{"line":112,"column":0},"end":{"line":112,"column":31}}}},"statementMap":{"1":{"start":{"line":3,"column":0},"end":{"line":3,"column":28}},"2":{"start":{"line":4,"column":0},"end":{"line":4,"column":34}},"3":{"start":{"line":5,"column":0},"end":{"line":5,"column":47}},"4":{"start":{"line":6,"column":0},"end":{"line":6,"column":47}},"5":{"start":{"line":7,"column":0},"end":{"line":7,"column":60}},"6":{"start":{"line":8,"column":0},"end":{"line":8,"column":41}},"7":{"start":{"line":9,"column":0},"end":{"line":9,"column":28}},"8":{"start":{"line":10,"column":0},"end":{"line":10,"column":30}},"9":{"start":{"line":11,"column":0},"end":{"line":11,"column":34}},"10":{"start":{"line":12,"column":0},"end":{"line":12,"column":60}},"11":{"start":{"line":13,"column":0},"end":{"line":13,"column":64}},"12":{"start":{"line":15,"column":0},"end":{"line":110,"column":1}},"13":{"start":{"line":17,"column":4},"end":{"line":17,"column":24}},"14":{"start":{"line":19,"column":4},"end":{"line":19,"column":33}},"15":{"start":{"line":20,"column":4},"end":{"line":20,"column":25}},"16":{"start":{"line":21,"column":4},"end":{"line":21,"column":33}},"17":{"start":{"line":22,"column":4},"end":{"line":22,"column":29}},"18":{"start":{"line":23,"column":4},"end":{"line":23,"column":29}},"19":{"start":{"line":24,"column":4},"end":{"line":24,"column":31}},"20":{"start":{"line":25,"column":4},"end":{"line":25,"column":37}},"21":{"start":{"line":26,"column":4},"end":{"line":26,"column":30}},"22":{"start":{"line":27,"column":4},"end":{"line":33,"column":5}},"23":{"start":{"line":31,"column":8},"end":{"line":31,"column":28}},"24":{"start":{"line":34,"column":4},"end":{"line":34,"column":30}},"25":{"start":{"line":36,"column":4},"end":{"line":42,"column":7}},"26":{"start":{"line":44,"column":4},"end":{"line":47,"column":6}},"27":{"start":{"line":45,"column":6},"end":{"line":45,"column":25}},"28":{"start":{"line":46,"column":6},"end":{"line":46,"column":12}},"29":{"start":{"line":49,"column":4},"end":{"line":51,"column":5}},"30":{"start":{"line":50,"column":6},"end":{"line":50,"column":58}},"31":{"start":{"line":53,"column":4},"end":{"line":55,"column":5}},"32":{"start":{"line":54,"column":6},"end":{"line":54,"column":49}},"33":{"start":{"line":57,"column":4},"end":{"line":57,"column":26}},"34":{"start":{"line":59,"column":4},"end":{"line":59,"column":34}},"35":{"start":{"line":61,"column":4},"end":{"line":63,"column":6}},"36":{"start":{"line":62,"column":6},"end":{"line":62,"column":73}},"37":{"start":{"line":65,"column":4},"end":{"line":65,"column":24}},"38":{"start":{"line":67,"column":4},"end":{"line":67,"column":40}},"39":{"start":{"line":68,"column":4},"end":{"line":68,"column":18}},"40":{"start":{"line":69,"column":4},"end":{"line":69,"column":24}},"41":{"start":{"line":73,"column":4},"end":{"line":73,"column":24}},"42":{"start":{"line":74,"column":4},"end":{"line":74,"column":30}},"43":{"start":{"line":75,"column":4},"end":{"line":75,"column":30}},"44":{"start":{"line":77,"column":4},"end":{"line":89,"column":6}},"45":{"start":{"line":78,"column":6},"end":{"line":81,"column":7}},"46":{"start":{"line":79,"column":8},"end":{"line":79,"column":71}},"47":{"start":{"line":80,"column":8},"end":{"line":80,"column":31}},"48":{"start":{"line":82,"column":6},"end":{"line":82,"column":39}},"49":{"start":{"line":83,"column":6},"end":{"line":83,"column":32}},"50":{"start":{"line":84,"column":6},"end":{"line":87,"column":47}},"51":{"start":{"line":88,"column":6},"end":{"line":88,"column":17}},"52":{"start":{"line":93,"column":4},"end":{"line":93,"column":30}},"53":{"start":{"line":94,"column":4},"end":{"line":94,"column":30}},"54":{"start":{"line":96,"column":4},"end":{"line":98,"column":25}},"55":{"start":{"line":99,"column":4},"end":{"line":108,"column":6}},"56":{"start":{"line":100,"column":6},"end":{"line":103,"column":7}},"57":{"start":{"line":101,"column":8},"end":{"line":101,"column":71}},"58":{"start":{"line":102,"column":8},"end":{"line":102,"column":31}},"59":{"start":{"line":104,"column":6},"end":{"line":106,"column":26}},"60":{"start":{"line":107,"column":6},"end":{"line":107,"column":17}},"61":{"start":{"line":112,"column":0},"end":{"line":116,"column":1}},"62":{"start":{"line":113,"column":2},"end":{"line":113,"column":25}},"63":{"start":{"line":114,"column":2},"end":{"line":114,"column":34}},"64":{"start":{"line":115,"column":2},"end":{"line":115,"column":50}}},"branchMap":{"1":{"line":49,"type":"if","locations":[{"start":{"line":49,"column":4},"end":{"line":49,"column":4}},{"start":{"line":49,"column":4},"end":{"line":49,"column":4}}]},"2":{"line":53,"type":"if","locations":[{"start":{"line":53,"column":4},"end":{"line":53,"column":4}},{"start":{"line":53,"column":4},"end":{"line":53,"column":4}}]},"3":{"line":78,"type":"if","locations":[{"start":{"line":78,"column":6},"end":{"line":78,"column":6}},{"start":{"line":78,"column":6},"end":{"line":78,"column":6}}]},"4":{"line":100,"type":"if","locations":[{"start":{"line":100,"column":6},"end":{"line":100,"column":6}},{"start":{"line":100,"column":6},"end":{"line":100,"column":6}}]},"5":{"line":113,"type":"binary-expr","locations":[{"start":{"line":113,"column":12},"end":{"line":113,"column":19}},{"start":{"line":113,"column":23},"end":{"line":113,"column":25}}]},"6":{"line":114,"type":"binary-expr","locations":[{"start":{"line":114,"column":17},"end":{"line":114,"column":29}},{"start":{"line":114,"column":33},"end":{"line":114,"column":34}}]},"7":{"line":115,"type":"binary-expr","locations":[{"start":{"line":115,"column":19},"end":{"line":115,"column":33}},{"start":{"line":115,"column":37},"end":{"line":115,"column":50}}]}}},"/home/pkn/js/particulier-auth-api/api/routes/index.js":{"path":"/home/pkn/js/particulier-auth-api/api/routes/index.js","s":{"1":1,"2":1,"3":1,"4":5,"5":5},"b":{},"f":{"1":5},"fnMap":{"1":{"name":"(anonymous_1)","line":4,"loc":{"start":{"line":4,"column":20},"end":{"line":4,"column":44}}}},"statementMap":{"1":{"start":{"line":1,"column":0},"end":{"line":1,"column":35}},"2":{"start":{"line":2,"column":0},"end":{"line":2,"column":31}},"3":{"start":{"line":4,"column":0},"end":{"line":7,"column":1}},"4":{"start":{"line":5,"column":2},"end":{"line":5,"column":34}},"5":{"start":{"line":6,"column":2},"end":{"line":6,"column":37}}},"branchMap":{}},"/home/pkn/js/particulier-auth-api/api/system/index.js":{"path":"/home/pkn/js/particulier-auth-api/api/system/index.js","s":{"1":1,"2":1,"3":1,"4":1,"5":1,"6":5,"7":5,"8":5,"9":5},"b":{},"f":{"1":5},"fnMap":{"1":{"name":"(anonymous_1)","line":7,"loc":{"start":{"line":7,"column":17},"end":{"line":7,"column":36}}}},"statementMap":{"1":{"start":{"line":1,"column":0},"end":{"line":1,"column":34}},"2":{"start":{"line":2,"column":0},"end":{"line":2,"column":49}},"3":{"start":{"line":3,"column":0},"end":{"line":3,"column":45}},"4":{"start":{"line":5,"column":0},"end":{"line":5,"column":29}},"5":{"start":{"line":7,"column":0},"end":{"line":14,"column":1}},"6":{"start":{"line":8,"column":2},"end":{"line":8,"column":44}},"7":{"start":{"line":11,"column":2},"end":{"line":11,"column":38}},"8":{"start":{"line":12,"column":2},"end":{"line":12,"column":29}},"9":{"start":{"line":13,"column":2},"end":{"line":13,"column":15}}},"branchMap":{}},"/home/pkn/js/particulier-auth-api/api/system/system.controller.js":{"path":"/home/pkn/js/particulier-auth-api/api/system/system.controller.js","s":{"1":3,"2":3,"3":1},"b":{},"f":{"1":3,"2":0},"fnMap":{"1":{"name":"(anonymous_1)","line":8,"loc":{"start":{"line":8,"column":7},"end":{"line":8,"column":24}}},"2":{"name":"(anonymous_2)","line":13,"loc":{"start":{"line":13,"column":10},"end":{"line":13,"column":21}}}},"statementMap":{"1":{"start":{"line":9,"column":4},"end":{"line":9,"column":21}},"2":{"start":{"line":10,"column":4},"end":{"line":10,"column":17}},"3":{"start":{"line":18,"column":0},"end":{"line":18,"column":33}}},"branchMap":{}},"/home/pkn/js/particulier-auth-api/api/lib/utils/format.js":{"path":"/home/pkn/js/particulier-auth-api/api/lib/utils/format.js","s":{"1":1,"2":1,"3":3,"4":3,"5":1,"6":2,"7":2,"8":2,"9":0},"b":{"1":[2,0]},"f":{"1":3,"2":1,"3":2,"4":0},"fnMap":{"1":{"name":"(anonymous_1)","line":3,"loc":{"start":{"line":3,"column":17},"end":{"line":3,"column":43}}},"2":{"name":"(anonymous_2)","line":6,"loc":{"start":{"line":6,"column":24},"end":{"line":6,"column":36}}},"3":{"name":"(anonymous_3)","line":9,"loc":{"start":{"line":9,"column":23},"end":{"line":9,"column":35}}},"4":{"name":"(anonymous_4)","line":15,"loc":{"start":{"line":15,"column":15},"end":{"line":15,"column":27}}}},"statementMap":{"1":{"start":{"line":1,"column":0},"end":{"line":1,"column":44}},"2":{"start":{"line":3,"column":0},"end":{"line":19,"column":1}},"3":{"start":{"line":4,"column":2},"end":{"line":4,"column":21}},"4":{"start":{"line":5,"column":2},"end":{"line":18,"column":4}},"5":{"start":{"line":7,"column":6},"end":{"line":7,"column":20}},"6":{"start":{"line":10,"column":6},"end":{"line":12,"column":7}},"7":{"start":{"line":11,"column":8},"end":{"line":11,"column":27}},"8":{"start":{"line":13,"column":6},"end":{"line":13,"column":44}},"9":{"start":{"line":16,"column":6},"end":{"line":16,"column":44}}},"branchMap":{"1":{"line":10,"type":"if","locations":[{"start":{"line":10,"column":6},"end":{"line":10,"column":6}},{"start":{"line":10,"column":6},"end":{"line":10,"column":6}}]}}},"/home/pkn/js/particulier-auth-api/api/auth/index.js":{"path":"/home/pkn/js/particulier-auth-api/api/auth/index.js","s":{"1":1,"2":1,"3":1,"4":1,"5":5,"6":5,"7":5,"8":1,"9":5,"10":5},"b":{},"f":{"1":5},"fnMap":{"1":{"name":"(anonymous_1)","line":5,"loc":{"start":{"line":5,"column":17},"end":{"line":5,"column":36}}}},"statementMap":{"1":{"start":{"line":1,"column":0},"end":{"line":1,"column":34}},"2":{"start":{"line":2,"column":0},"end":{"line":2,"column":47}},"3":{"start":{"line":3,"column":0},"end":{"line":3,"column":45}},"4":{"start":{"line":5,"column":0},"end":{"line":13,"column":1}},"5":{"start":{"line":6,"column":2},"end":{"line":6,"column":33}},"6":{"start":{"line":7,"column":2},"end":{"line":7,"column":44}},"7":{"start":{"line":9,"column":2},"end":{"line":9,"column":84}},"8":{"start":{"line":9,"column":47},"end":{"line":9,"column":83}},"9":{"start":{"line":11,"column":2},"end":{"line":11,"column":25}},"10":{"start":{"line":12,"column":2},"end":{"line":12,"column":15}}},"branchMap":{}},"/home/pkn/js/particulier-auth-api/api/auth/auth.controller.js":{"path":"/home/pkn/js/particulier-auth-api/api/auth/auth.controller.js","s":{"1":7,"2":7,"3":7,"4":7,"5":7,"6":1,"7":11,"8":11,"9":11,"10":9,"11":9,"12":2,"13":2,"14":11,"15":7,"16":7,"17":7,"18":3,"19":7,"20":1,"21":1,"22":1,"23":0,"24":6,"25":6,"26":6,"27":0,"28":1,"29":7,"30":3,"31":3,"32":3,"33":4,"34":4},"b":{"1":[9,2],"2":[3,4],"3":[7,7],"4":[1,6],"5":[3,4]},"f":{"1":11,"2":7,"3":7},"fnMap":{"1":{"name":"AuthController","line":8,"loc":{"start":{"line":8,"column":0},"end":{"line":8,"column":34}}},"2":{"name":"(anonymous_2)","line":21,"loc":{"start":{"line":21,"column":19},"end":{"line":21,"column":45}}},"3":{"name":"handleResult","line":42,"loc":{"start":{"line":42,"column":4},"end":{"line":42,"column":35}}}},"statementMap":{"1":{"start":{"line":1,"column":0},"end":{"line":1,"column":47}},"2":{"start":{"line":2,"column":0},"end":{"line":2,"column":53}},"3":{"start":{"line":3,"column":0},"end":{"line":3,"column":57}},"4":{"start":{"line":4,"column":0},"end":{"line":4,"column":64}},"5":{"start":{"line":6,"column":0},"end":{"line":6,"column":31}},"6":{"start":{"line":8,"column":0},"end":{"line":53,"column":1}},"7":{"start":{"line":9,"column":2},"end":{"line":9,"column":58}},"8":{"start":{"line":11,"column":2},"end":{"line":11,"column":64}},"9":{"start":{"line":13,"column":2},"end":{"line":19,"column":3}},"10":{"start":{"line":14,"column":4},"end":{"line":14,"column":48}},"11":{"start":{"line":15,"column":4},"end":{"line":15,"column":52}},"12":{"start":{"line":17,"column":4},"end":{"line":17,"column":52}},"13":{"start":{"line":18,"column":4},"end":{"line":18,"column":54}},"14":{"start":{"line":21,"column":2},"end":{"line":52,"column":3}},"15":{"start":{"line":22,"column":4},"end":{"line":22,"column":43}},"16":{"start":{"line":23,"column":4},"end":{"line":23,"column":36}},"17":{"start":{"line":25,"column":4},"end":{"line":27,"column":5}},"18":{"start":{"line":26,"column":6},"end":{"line":26,"column":16}},"19":{"start":{"line":29,"column":4},"end":{"line":34,"column":5}},"20":{"start":{"line":30,"column":6},"end":{"line":33,"column":40}},"21":{"start":{"line":31,"column":8},"end":{"line":31,"column":38}},"22":{"start":{"line":32,"column":8},"end":{"line":32,"column":94}},"23":{"start":{"line":33,"column":21},"end":{"line":33,"column":39}},"24":{"start":{"line":36,"column":4},"end":{"line":40,"column":6}},"25":{"start":{"line":37,"column":6},"end":{"line":39,"column":40}},"26":{"start":{"line":38,"column":8},"end":{"line":38,"column":28}},"27":{"start":{"line":39,"column":21},"end":{"line":39,"column":39}},"28":{"start":{"line":42,"column":4},"end":{"line":51,"column":5}},"29":{"start":{"line":43,"column":6},"end":{"line":50,"column":7}},"30":{"start":{"line":44,"column":8},"end":{"line":44,"column":106}},"31":{"start":{"line":45,"column":8},"end":{"line":45,"column":25}},"32":{"start":{"line":46,"column":8},"end":{"line":46,"column":14}},"33":{"start":{"line":48,"column":8},"end":{"line":48,"column":70}},"34":{"start":{"line":49,"column":8},"end":{"line":49,"column":85}}},"branchMap":{"1":{"line":13,"type":"if","locations":[{"start":{"line":13,"column":2},"end":{"line":13,"column":2}},{"start":{"line":13,"column":2},"end":{"line":13,"column":2}}]},"2":{"line":25,"type":"if","locations":[{"start":{"line":25,"column":4},"end":{"line":25,"column":4}},{"start":{"line":25,"column":4},"end":{"line":25,"column":4}}]},"3":{"line":25,"type":"binary-expr","locations":[{"start":{"line":25,"column":8},"end":{"line":25,"column":22}},{"start":{"line":25,"column":26},"end":{"line":25,"column":54}}]},"4":{"line":29,"type":"if","locations":[{"start":{"line":29,"column":4},"end":{"line":29,"column":4}},{"start":{"line":29,"column":4},"end":{"line":29,"column":4}}]},"5":{"line":43,"type":"if","locations":[{"start":{"line":43,"column":6},"end":{"line":43,"column":6}},{"start":{"line":43,"column":6},"end":{"line":43,"column":6}}]}}},"/home/pkn/js/particulier-auth-api/api/auth/db-tokens.service.js":{"path":"/home/pkn/js/particulier-auth-api/api/auth/db-tokens.service.js","s":{"1":1,"2":1,"3":6,"4":6,"5":8,"6":8,"7":8,"8":3,"9":1},"b":{},"f":{"1":6,"2":8,"3":3},"fnMap":{"1":{"name":"(anonymous_1)","line":5,"loc":{"start":{"line":5,"column":14},"end":{"line":5,"column":24}}},"2":{"name":"(anonymous_2)","line":10,"loc":{"start":{"line":10,"column":13},"end":{"line":10,"column":16}}},"3":{"name":"(anonymous_3)","line":17,"loc":{"start":{"line":17,"column":11},"end":{"line":17,"column":19}}}},"statementMap":{"1":{"start":{"line":1,"column":0},"end":{"line":1,"column":34}},"2":{"start":{"line":2,"column":0},"end":{"line":2,"column":39}},"3":{"start":{"line":6,"column":4},"end":{"line":6,"column":26}},"4":{"start":{"line":7,"column":4},"end":{"line":7,"column":72}},"5":{"start":{"line":11,"column":4},"end":{"line":14,"column":6}},"6":{"start":{"line":12,"column":6},"end":{"line":12,"column":47}},"7":{"start":{"line":13,"column":6},"end":{"line":13,"column":17}},"8":{"start":{"line":18,"column":4},"end":{"line":18,"column":48}},"9":{"start":{"line":22,"column":0},"end":{"line":22,"column":31}}},"branchMap":{}},"/home/pkn/js/particulier-auth-api/api/auth/file-tokens.service.js":{"path":"/home/pkn/js/particulier-auth-api/api/auth/file-tokens.service.js","s":{"1":1,"2":0,"3":1,"4":0,"5":2,"6":1},"b":{"1":[0,1]},"f":{"1":1,"2":0,"3":2},"fnMap":{"1":{"name":"(anonymous_1)","line":4,"loc":{"start":{"line":4,"column":14},"end":{"line":4,"column":24}}},"2":{"name":"(anonymous_2)","line":11,"loc":{"start":{"line":11,"column":13},"end":{"line":11,"column":16}}},"3":{"name":"(anonymous_3)","line":14,"loc":{"start":{"line":14,"column":11},"end":{"line":14,"column":19}}}},"statementMap":{"1":{"start":{"line":5,"column":4},"end":{"line":7,"column":5}},"2":{"start":{"line":6,"column":6},"end":{"line":6,"column":65}},"3":{"start":{"line":8,"column":4},"end":{"line":8,"column":45}},"4":{"start":{"line":12,"column":4},"end":{"line":12,"column":32}},"5":{"start":{"line":15,"column":4},"end":{"line":15,"column":46}},"6":{"start":{"line":19,"column":0},"end":{"line":19,"column":29}}},"branchMap":{"1":{"line":5,"type":"if","locations":[{"start":{"line":5,"column":4},"end":{"line":5,"column":4}},{"start":{"line":5,"column":4},"end":{"line":5,"column":4}}]}}},"/home/pkn/js/particulier-auth-api/api/auth/france-connect.service.js":{"path":"/home/pkn/js/particulier-auth-api/api/auth/france-connect.service.js","s":{"1":1,"2":1,"3":11,"4":11,"5":11,"6":1,"7":1},"b":{},"f":{"1":11,"2":1},"fnMap":{"1":{"name":"(anonymous_1)","line":4,"loc":{"start":{"line":4,"column":14},"end":{"line":4,"column":24}}},"2":{"name":"(anonymous_2)","line":10,"loc":{"start":{"line":10,"column":11},"end":{"line":10,"column":20}}}},"statementMap":{"1":{"start":{"line":1,"column":0},"end":{"line":1,"column":37}},"2":{"start":{"line":3,"column":0},"end":{"line":17,"column":1}},"3":{"start":{"line":5,"column":4},"end":{"line":5,"column":41}},"4":{"start":{"line":6,"column":4},"end":{"line":6,"column":29}},"5":{"start":{"line":7,"column":4},"end":{"line":7,"column":57}},"6":{"start":{"line":11,"column":4},"end":{"line":15,"column":40}},"7":{"start":{"line":15,"column":26},"end":{"line":15,"column":39}}},"branchMap":{}},"/home/pkn/js/particulier-auth-api/api/lib/middlewares/formatError.js":{"path":"/home/pkn/js/particulier-auth-api/api/lib/middlewares/formatError.js","s":{"1":1,"2":1,"3":1,"4":1,"5":1,"6":2,"7":2,"8":2,"9":2,"10":2,"11":2,"12":0,"13":0,"14":0},"b":{"1":[2,0],"2":[2,0]},"f":{"1":2,"2":2,"3":0,"4":0},"fnMap":{"1":{"name":"(anonymous_1)","line":6,"loc":{"start":{"line":6,"column":17},"end":{"line":6,"column":48}}},"2":{"name":"(anonymous_2)","line":16,"loc":{"start":{"line":16,"column":28},"end":{"line":16,"column":40}}},"3":{"name":"(anonymous_3)","line":20,"loc":{"start":{"line":20,"column":27},"end":{"line":20,"column":39}}},"4":{"name":"(anonymous_4)","line":25,"loc":{"start":{"line":25,"column":19},"end":{"line":25,"column":31}}}},"statementMap":{"1":{"start":{"line":1,"column":0},"end":{"line":1,"column":27}},"2":{"start":{"line":2,"column":0},"end":{"line":2,"column":47}},"3":{"start":{"line":3,"column":0},"end":{"line":3,"column":28}},"4":{"start":{"line":4,"column":0},"end":{"line":4,"column":44}},"5":{"start":{"line":6,"column":0},"end":{"line":34,"column":1}},"6":{"start":{"line":7,"column":2},"end":{"line":7,"column":45}},"7":{"start":{"line":8,"column":2},"end":{"line":32,"column":3}},"8":{"start":{"line":9,"column":4},"end":{"line":31,"column":5}},"9":{"start":{"line":10,"column":6},"end":{"line":14,"column":7}},"10":{"start":{"line":15,"column":6},"end":{"line":30,"column":8}},"11":{"start":{"line":17,"column":10},"end":{"line":17,"column":42}},"12":{"start":{"line":21,"column":10},"end":{"line":23,"column":47}},"13":{"start":{"line":26,"column":10},"end":{"line":28,"column":31}},"14":{"start":{"line":33,"column":2},"end":{"line":33,"column":11}}},"branchMap":{"1":{"line":8,"type":"if","locations":[{"start":{"line":8,"column":2},"end":{"line":8,"column":2}},{"start":{"line":8,"column":2},"end":{"line":8,"column":2}}]},"2":{"line":9,"type":"if","locations":[{"start":{"line":9,"column":4},"end":{"line":9,"column":4}},{"start":{"line":9,"column":4},"end":{"line":9,"column":4}}]}}},"/home/pkn/js/particulier-auth-api/api/lib/middlewares/formatFromUrl.js":{"path":"/home/pkn/js/particulier-auth-api/api/lib/middlewares/formatFromUrl.js","s":{"1":1,"2":1,"3":5,"4":1,"5":5},"b":{"1":[1,4]},"f":{"1":5},"fnMap":{"1":{"name":"getApiKeyFromQueryParam","line":8,"loc":{"start":{"line":8,"column":17},"end":{"line":8,"column":67}}}},"statementMap":{"1":{"start":{"line":3,"column":0},"end":{"line":6,"column":1}},"2":{"start":{"line":8,"column":0},"end":{"line":13,"column":1}},"3":{"start":{"line":9,"column":2},"end":{"line":11,"column":3}},"4":{"start":{"line":10,"column":4},"end":{"line":10,"column":60}},"5":{"start":{"line":12,"column":2},"end":{"line":12,"column":8}}},"branchMap":{"1":{"line":9,"type":"if","locations":[{"start":{"line":9,"column":2},"end":{"line":9,"column":2}},{"start":{"line":9,"column":2},"end":{"line":9,"column":2}}]}}}}