TN:
SF:/home/pkn/js/particulier-auth-api/api/lib/middlewares/identifyUser.js
FN:3,identifyUser
FNF:1
FNH:1
FNDA:3,identifyUser
DA:3,1
DA:4,3
DA:5,3
LF:3
LH:3
BRDA:4,1,0,3
BRDA:4,1,1,2
BRDA:4,1,2,1
BRF:3
BRH:3
end_of_record
TN:
SF:/home/pkn/js/particulier-auth-api/api/lib/middlewares/logger.js
FN:5,(anonymous_1)
FNF:1
FNH:1
FNDA:8,(anonymous_1)
DA:3,1
DA:5,1
DA:6,8
DA:7,8
DA:8,8
LF:5
LH:5
BRDA:6,1,0,8
BRDA:6,1,1,7
BRDA:6,2,0,8
BRDA:6,2,1,4
BRDA:11,3,0,8
BRDA:11,3,1,0
BRF:6
BRH:5
end_of_record
TN:
SF:/home/pkn/js/particulier-auth-api/defaults.js
FNF:0
FNH:0
DA:1,1
LF:1
LH:1
BRF:0
BRH:0
end_of_record
TN:
SF:/home/pkn/js/particulier-auth-api/api/server.js
FN:16,(anonymous_1)
FN:30,(anonymous_2)
FN:61,notFound
FN:72,(anonymous_4)
FN:92,(anonymous_5)
FN:99,(anonymous_6)
FN:112,setDefaults
FNF:7
FNH:7
FNDA:4,(anonymous_1)
FNDA:4,(anonymous_2)
FNDA:1,notFound
FNDA:4,(anonymous_4)
FNDA:4,(anonymous_5)
FNDA:4,(anonymous_6)
FNDA:4,setDefaults
DA:3,1
DA:4,1
DA:5,1
DA:6,1
DA:7,1
DA:8,1
DA:9,1
DA:10,1
DA:11,1
DA:12,1
DA:13,1
DA:15,1
DA:17,4
DA:19,4
DA:20,4
DA:21,4
DA:22,4
DA:23,4
DA:24,4
DA:25,4
DA:26,4
DA:27,4
DA:31,4
DA:34,4
DA:36,4
DA:44,4
DA:45,4
DA:46,4
DA:49,4
DA:50,0
DA:53,4
DA:54,0
DA:57,4
DA:59,4
DA:61,4
DA:62,1
DA:65,4
DA:67,4
DA:68,4
DA:69,4
DA:73,4
DA:74,4
DA:75,4
DA:77,4
DA:78,4
DA:79,0
DA:80,0
DA:82,4
DA:83,4
DA:84,4
DA:88,4
DA:93,4
DA:94,4
DA:96,4
DA:99,4
DA:100,4
DA:101,0
DA:102,0
DA:104,4
DA:107,4
DA:112,1
DA:113,4
DA:114,4
DA:115,4
LF:64
LH:58
BRDA:49,1,0,0
BRDA:49,1,1,4
BRDA:53,2,0,0
BRDA:53,2,1,4
BRDA:78,3,0,0
BRDA:78,3,1,4
BRDA:100,4,0,0
BRDA:100,4,1,4
BRDA:113,5,0,4
BRDA:113,5,1,0
BRDA:114,6,0,4
BRDA:114,6,1,4
BRDA:115,7,0,4
BRDA:115,7,1,1
BRF:14
BRH:9
end_of_record
TN:
SF:/home/pkn/js/particulier-auth-api/api/routes/index.js
FN:3,(anonymous_1)
FNF:1
FNH:1
FNDA:4,(anonymous_1)
DA:1,1
DA:3,1
DA:4,4
LF:3
LH:3
BRF:0
BRH:0
end_of_record
TN:
SF:/home/pkn/js/particulier-auth-api/api/system/index.js
FN:7,(anonymous_1)
FNF:1
FNH:1
FNDA:4,(anonymous_1)
DA:1,1
DA:2,1
DA:3,1
DA:5,1
DA:7,1
DA:8,4
DA:11,4
DA:12,4
DA:13,4
LF:9
LH:9
BRF:0
BRH:0
end_of_record
TN:
SF:/home/pkn/js/particulier-auth-api/api/system/system.controller.js
FN:8,(anonymous_1)
FN:13,(anonymous_2)
FNF:2
FNH:1
FNDA:3,(anonymous_1)
FNDA:0,(anonymous_2)
DA:9,3
DA:10,3
DA:18,1
LF:3
LH:3
BRF:0
BRH:0
end_of_record
TN:
SF:/home/pkn/js/particulier-auth-api/api/lib/utils/format.js
FN:3,(anonymous_1)
FN:6,(anonymous_2)
FN:9,(anonymous_3)
FN:15,(anonymous_4)
FNF:4
FNH:3
FNDA:3,(anonymous_1)
FNDA:1,(anonymous_2)
FNDA:2,(anonymous_3)
FNDA:0,(anonymous_4)
DA:1,1
DA:3,1
DA:4,3
DA:5,3
DA:7,1
DA:10,2
DA:11,2
DA:13,2
DA:16,0
LF:9
LH:8
BRDA:10,1,0,2
BRDA:10,1,1,0
BRF:2
BRH:1
end_of_record
TN:
SF:/home/pkn/js/particulier-auth-api/api/lib/middlewares/formatError.js
FN:6,(anonymous_1)
FN:16,(anonymous_2)
FN:20,(anonymous_3)
FN:25,(anonymous_4)
FNF:4
FNH:2
FNDA:1,(anonymous_1)
FNDA:1,(anonymous_2)
FNDA:0,(anonymous_3)
FNDA:0,(anonymous_4)
DA:1,1
DA:2,1
DA:3,1
DA:4,1
DA:6,1
DA:7,1
DA:8,1
DA:9,1
DA:10,1
DA:15,1
DA:17,1
DA:21,0
DA:26,0
DA:33,0
LF:14
LH:11
BRDA:8,1,0,1
BRDA:8,1,1,0
BRDA:9,2,0,1
BRDA:9,2,1,0
BRF:4
BRH:2
end_of_record
TN:
SF:/home/pkn/js/particulier-auth-api/api/lib/middlewares/formatFromUrl.js
FN:8,getApiKeyFromQueryParam
FNF:1
FNH:1
FNDA:4,getApiKeyFromQueryParam
DA:3,1
DA:8,1
DA:9,4
DA:10,1
DA:12,4
LF:5
LH:5
BRDA:9,1,0,1
BRDA:9,1,1,3
BRF:2
BRH:2
end_of_record
TN:
SF:/home/pkn/js/particulier-auth-api/api/auth/db-tokens.service.js
FN:5,(anonymous_1)
FN:10,(anonymous_2)
FN:17,(anonymous_3)
FNF:3
FNH:3
FNDA:1,(anonymous_1)
FNDA:3,(anonymous_2)
FNDA:2,(anonymous_3)
DA:1,1
DA:2,1
DA:6,1
DA:7,1
DA:11,3
DA:12,3
DA:13,3
DA:18,2
DA:22,1
LF:9
LH:9
BRF:0
BRH:0
end_of_record
TN:
SF:/home/pkn/js/particulier-auth-api/api/auth/file-tokens.service.js
FN:4,(anonymous_1)
FN:11,(anonymous_2)
FN:14,(anonymous_3)
FNF:3
FNH:2
FNDA:1,(anonymous_1)
FNDA:0,(anonymous_2)
FNDA:2,(anonymous_3)
DA:5,1
DA:6,0
DA:8,1
DA:12,0
DA:15,2
DA:19,1
LF:6
LH:4
BRDA:5,1,0,0
BRDA:5,1,1,1
BRF:2
BRH:1
end_of_record
TN:
SF:/home/pkn/js/particulier-auth-api/api/auth/auth.js
FN:8,Auth
FN:21,(anonymous_2)
FN:42,handleResult
FNF:3
FNH:3
FNDA:6,Auth
FNDA:6,(anonymous_2)
FNDA:6,handleResult
DA:1,6
DA:2,6
DA:3,6
DA:4,6
DA:6,6
DA:8,1
DA:9,6
DA:11,6
DA:13,6
DA:14,4
DA:15,4
DA:17,2
DA:18,2
DA:21,6
DA:22,6
DA:23,6
DA:25,6
DA:26,2
DA:29,6
DA:30,1
DA:31,1
DA:32,1
DA:33,0
DA:36,5
DA:37,5
DA:38,5
DA:39,0
DA:42,1
DA:43,6
DA:44,3
DA:45,3
DA:46,3
DA:48,3
DA:49,3
DA:50,3
LF:35
LH:33
BRDA:13,1,0,4
BRDA:13,1,1,2
BRDA:25,2,0,2
BRDA:25,2,1,4
BRDA:25,3,0,6
BRDA:25,3,1,6
BRDA:29,4,0,1
BRDA:29,4,1,5
BRDA:43,5,0,3
BRDA:43,5,1,3
BRF:10
BRH:10
end_of_record
TN:
SF:/home/pkn/js/particulier-auth-api/api/auth/france-connect.service.js
FN:4,(anonymous_1)
FN:10,(anonymous_2)
FNF:2
FNH:2
FNDA:6,(anonymous_1)
FNDA:1,(anonymous_2)
DA:1,1
DA:3,1
DA:5,6
DA:6,6
DA:7,6
DA:11,1
DA:15,1
LF:7
LH:7
BRF:0
BRH:0
end_of_record
