TN:
SF:/home/pkn/js/particulier-auth-api/api/lib/middlewares/identifyUser.js
FN:3,identifyUser
FNF:1
FNH:1
FNDA:3,identifyUser
DA:3,1
DA:4,3
DA:5,3
LF:3
LH:3
BRDA:4,1,0,3
BRDA:4,1,1,2
BRDA:4,1,2,1
BRF:3
BRH:3
end_of_record
TN:
SF:/home/pkn/js/particulier-auth-api/api/lib/middlewares/logger.js
FN:5,(anonymous_1)
FNF:1
FNH:1
FNDA:8,(anonymous_1)
DA:3,1
DA:5,1
DA:6,8
DA:7,8
DA:8,8
LF:5
LH:5
BRDA:6,1,0,8
BRDA:6,1,1,7
BRDA:6,2,0,8
BRDA:6,2,1,4
BRDA:11,3,0,8
BRDA:11,3,1,0
BRF:6
BRH:5
end_of_record
TN:
SF:/home/pkn/js/particulier-auth-api/defaults.js
FNF:0
FNH:0
DA:1,1
LF:1
LH:1
BRF:0
BRH:0
end_of_record
TN:
SF:/home/pkn/js/particulier-auth-api/api/server.js
FN:16,(anonymous_1)
FN:30,(anonymous_2)
FN:61,notFound
FN:72,(anonymous_4)
FN:92,(anonymous_5)
FN:99,(anonymous_6)
FN:112,setDefaults
FNF:7
FNH:7
FNDA:5,(anonymous_1)
FNDA:5,(anonymous_2)
FNDA:1,notFound
FNDA:5,(anonymous_4)
FNDA:5,(anonymous_5)
FNDA:5,(anonymous_6)
FNDA:5,setDefaults
DA:3,1
DA:4,1
DA:5,1
DA:6,1
DA:7,1
DA:8,1
DA:9,1
DA:10,1
DA:11,1
DA:12,1
DA:13,1
DA:15,1
DA:17,5
DA:19,5
DA:20,5
DA:21,5
DA:22,5
DA:23,5
DA:24,5
DA:25,5
DA:26,5
DA:27,5
DA:31,5
DA:34,5
DA:36,5
DA:44,5
DA:45,5
DA:46,5
DA:49,5
DA:50,0
DA:53,5
DA:54,0
DA:57,5
DA:59,5
DA:61,5
DA:62,1
DA:65,5
DA:67,5
DA:68,5
DA:69,5
DA:73,5
DA:74,5
DA:75,5
DA:77,5
DA:78,5
DA:79,0
DA:80,0
DA:82,5
DA:83,5
DA:84,5
DA:88,5
DA:93,5
DA:94,5
DA:96,5
DA:99,5
DA:100,5
DA:101,0
DA:102,0
DA:104,5
DA:107,5
DA:112,1
DA:113,5
DA:114,5
DA:115,5
LF:64
LH:58
BRDA:49,1,0,0
BRDA:49,1,1,5
BRDA:53,2,0,0
BRDA:53,2,1,5
BRDA:78,3,0,0
BRDA:78,3,1,5
BRDA:100,4,0,0
BRDA:100,4,1,5
BRDA:113,5,0,5
BRDA:113,5,1,0
BRDA:114,6,0,5
BRDA:114,6,1,5
BRDA:115,7,0,5
BRDA:115,7,1,1
BRF:14
BRH:9
end_of_record
TN:
SF:/home/pkn/js/particulier-auth-api/api/routes/index.js
FN:4,(anonymous_1)
FNF:1
FNH:1
FNDA:5,(anonymous_1)
DA:1,1
DA:2,1
DA:4,1
DA:5,5
DA:6,5
LF:5
LH:5
BRF:0
BRH:0
end_of_record
TN:
SF:/home/pkn/js/particulier-auth-api/api/system/index.js
FN:7,(anonymous_1)
FNF:1
FNH:1
FNDA:5,(anonymous_1)
DA:1,1
DA:2,1
DA:3,1
DA:5,1
DA:7,1
DA:8,5
DA:11,5
DA:12,5
DA:13,5
LF:9
LH:9
BRF:0
BRH:0
end_of_record
TN:
SF:/home/pkn/js/particulier-auth-api/api/system/system.controller.js
FN:8,(anonymous_1)
FN:13,(anonymous_2)
FNF:2
FNH:1
FNDA:3,(anonymous_1)
FNDA:0,(anonymous_2)
DA:9,3
DA:10,3
DA:18,1
LF:3
LH:3
BRF:0
BRH:0
end_of_record
TN:
SF:/home/pkn/js/particulier-auth-api/api/lib/utils/format.js
FN:3,(anonymous_1)
FN:6,(anonymous_2)
FN:9,(anonymous_3)
FN:15,(anonymous_4)
FNF:4
FNH:3
FNDA:3,(anonymous_1)
FNDA:1,(anonymous_2)
FNDA:2,(anonymous_3)
FNDA:0,(anonymous_4)
DA:1,1
DA:3,1
DA:4,3
DA:5,3
DA:7,1
DA:10,2
DA:11,2
DA:13,2
DA:16,0
LF:9
LH:8
BRDA:10,1,0,2
BRDA:10,1,1,0
BRF:2
BRH:1
end_of_record
TN:
SF:/home/pkn/js/particulier-auth-api/api/auth/index.js
FN:5,(anonymous_1)
FNF:1
FNH:1
FNDA:5,(anonymous_1)
DA:1,1
DA:2,1
DA:3,1
DA:5,1
DA:6,5
DA:7,5
DA:9,5
DA:11,5
DA:12,5
LF:9
LH:9
BRF:0
BRH:0
end_of_record
TN:
SF:/home/pkn/js/particulier-auth-api/api/auth/auth.controller.js
FN:8,AuthController
FN:21,(anonymous_2)
FN:42,handleResult
FNF:3
FNH:3
FNDA:11,AuthController
FNDA:7,(anonymous_2)
FNDA:7,handleResult
DA:1,7
DA:2,7
DA:3,7
DA:4,7
DA:6,7
DA:8,1
DA:9,11
DA:11,11
DA:13,11
DA:14,9
DA:15,9
DA:17,2
DA:18,2
DA:21,11
DA:22,7
DA:23,7
DA:25,7
DA:26,3
DA:29,7
DA:30,1
DA:31,1
DA:32,1
DA:33,0
DA:36,6
DA:37,6
DA:38,6
DA:39,0
DA:42,1
DA:43,7
DA:44,3
DA:45,3
DA:46,3
DA:48,4
DA:49,4
LF:34
LH:32
BRDA:13,1,0,9
BRDA:13,1,1,2
BRDA:25,2,0,3
BRDA:25,2,1,4
BRDA:25,3,0,7
BRDA:25,3,1,7
BRDA:29,4,0,1
BRDA:29,4,1,6
BRDA:43,5,0,3
BRDA:43,5,1,4
BRF:10
BRH:10
end_of_record
TN:
SF:/home/pkn/js/particulier-auth-api/api/auth/db-tokens.service.js
FN:5,(anonymous_1)
FN:10,(anonymous_2)
FN:17,(anonymous_3)
FNF:3
FNH:3
FNDA:6,(anonymous_1)
FNDA:8,(anonymous_2)
FNDA:3,(anonymous_3)
DA:1,1
DA:2,1
DA:6,6
DA:7,6
DA:11,8
DA:12,8
DA:13,8
DA:18,3
DA:22,1
LF:9
LH:9
BRF:0
BRH:0
end_of_record
TN:
SF:/home/pkn/js/particulier-auth-api/api/auth/file-tokens.service.js
FN:4,(anonymous_1)
FN:11,(anonymous_2)
FN:14,(anonymous_3)
FNF:3
FNH:2
FNDA:1,(anonymous_1)
FNDA:0,(anonymous_2)
FNDA:2,(anonymous_3)
DA:5,1
DA:6,0
DA:8,1
DA:12,0
DA:15,2
DA:19,1
LF:6
LH:4
BRDA:5,1,0,0
BRDA:5,1,1,1
BRF:2
BRH:1
end_of_record
TN:
SF:/home/pkn/js/particulier-auth-api/api/auth/france-connect.service.js
FN:4,(anonymous_1)
FN:10,(anonymous_2)
FNF:2
FNH:2
FNDA:11,(anonymous_1)
FNDA:1,(anonymous_2)
DA:1,1
DA:3,1
DA:5,11
DA:6,11
DA:7,11
DA:11,1
DA:15,1
LF:7
LH:7
BRF:0
BRH:0
end_of_record
TN:
SF:/home/pkn/js/particulier-auth-api/api/lib/middlewares/formatError.js
FN:6,(anonymous_1)
FN:16,(anonymous_2)
FN:20,(anonymous_3)
FN:25,(anonymous_4)
FNF:4
FNH:2
FNDA:2,(anonymous_1)
FNDA:2,(anonymous_2)
FNDA:0,(anonymous_3)
FNDA:0,(anonymous_4)
DA:1,1
DA:2,1
DA:3,1
DA:4,1
DA:6,1
DA:7,2
DA:8,2
DA:9,2
DA:10,2
DA:15,2
DA:17,2
DA:21,0
DA:26,0
DA:33,0
LF:14
LH:11
BRDA:8,1,0,2
BRDA:8,1,1,0
BRDA:9,2,0,2
BRDA:9,2,1,0
BRF:4
BRH:2
end_of_record
TN:
SF:/home/pkn/js/particulier-auth-api/api/lib/middlewares/formatFromUrl.js
FN:8,getApiKeyFromQueryParam
FNF:1
FNH:1
FNDA:5,getApiKeyFromQueryParam
DA:3,1
DA:8,1
DA:9,5
DA:10,1
DA:12,5
LF:5
LH:5
BRDA:9,1,0,1
BRDA:9,1,1,4
BRF:2
BRH:2
end_of_record
